2022-09-01 17:19:42 INFO Initialising WordCloud
2022-09-01 17:19:42 INFO Text file selected contains 28001 words
2022-09-01 17:19:42 INFO Default text file selected: Corbyn Conference Speeches 2015-2019.txt
2022-09-01 17:19:42 INFO Default image file selected: Cat_Silhouette_PNG_Transparent_Clip_Art_Image.png
2022-09-01 18:43:42 INFO Exiting program
2022-09-01 18:57:17 INFO Initialising WordCloud
2022-09-01 18:57:17 INFO Text file selected contains 28001 words
2022-09-01 18:57:17 INFO Default text file selected: Corbyn Conference Speeches 2015-2019.txt
2022-09-01 18:57:17 INFO Default image file selected: Cat_Silhouette_PNG_Transparent_Clip_Art_Image.png
2022-09-01 18:57:21 INFO Exiting program
2022-09-01 19:01:27 INFO Initialising WordCloud
2022-09-01 19:01:27 INFO Text file selected contains 28001 words
2022-09-01 19:01:27 INFO Default text file selected: Corbyn Conference Speeches 2015-2019.txt
2022-09-01 19:01:27 INFO Default image file selected: Cat_Silhouette_PNG_Transparent_Clip_Art_Image.png
2022-09-01 19:04:14 INFO Initialising WordCloud
2022-09-01 19:04:14 INFO Text file selected contains 28001 words
2022-09-01 19:04:14 INFO Default text file selected: Corbyn Conference Speeches 2015-2019.txt
2022-09-01 19:04:14 INFO Default image file selected: Cat_Silhouette_PNG_Transparent_Clip_Art_Image.png
2022-09-01 19:05:07 INFO Initialising WordCloud
2022-09-01 19:05:07 INFO Text file selected contains 28001 words
2022-09-01 19:05:07 INFO Default text file selected: Corbyn Conference Speeches 2015-2019.txt
2022-09-01 19:05:07 INFO Default image file selected: Cat_Silhouette_PNG_Transparent_Clip_Art_Image.png
2022-09-02 22:10:38 INFO Initialising WordCloud
2022-09-02 22:10:38 INFO Text file selected contains 28001 words
2022-09-02 22:10:38 INFO Default text file selected: Corbyn Conference Speeches 2015-2019.txt
2022-09-02 22:10:38 INFO Default image file selected: Cat_Silhouette_PNG_Transparent_Clip_Art_Image.png
2022-09-04 12:29:49 INFO Initialising WordCloud
2022-09-04 12:29:49 INFO Text file selected contains 28001 words
2022-09-04 12:29:49 INFO Default text file selected: Corbyn Conference Speeches 2015-2019.txt
2022-09-04 12:29:49 INFO Default image file selected: Cat_Silhouette_PNG_Transparent_Clip_Art_Image.png
2022-09-04 12:45:58 INFO Exiting program
2022-09-04 12:46:00 INFO Initialising WordCloud
2022-09-04 12:46:00 INFO Text file selected contains 28001 words
2022-09-04 12:46:01 INFO Default text file selected: Corbyn Conference Speeches 2015-2019.txt
2022-09-04 12:46:01 INFO Default image file selected: Cat_Silhouette_PNG_Transparent_Clip_Art_Image.png
2022-09-04 12:46:15 INFO Initialising WordCloud
2022-09-04 12:46:15 INFO Text file selected contains 28001 words
2022-09-04 12:46:15 INFO Default text file selected: Corbyn Conference Speeches 2015-2019.txt
2022-09-04 12:46:15 INFO Default image file selected: Cat_Silhouette_PNG_Transparent_Clip_Art_Image.png
2022-09-04 12:46:22 INFO Initialising WordCloud
2022-09-04 12:46:22 INFO Text file selected contains 28001 words
2022-09-04 12:46:23 INFO Default text file selected: Corbyn Conference Speeches 2015-2019.txt
2022-09-04 12:46:23 INFO Default image file selected: Cat_Silhouette_PNG_Transparent_Clip_Art_Image.png
2022-09-04 12:48:52 INFO Initialising WordCloud
2022-09-04 12:48:52 INFO Text file selected contains 28001 words
2022-09-04 12:48:52 INFO Default text file selected: Corbyn Conference Speeches 2015-2019.txt
2022-09-04 12:48:52 INFO Default image file selected: Cat_Silhouette_PNG_Transparent_Clip_Art_Image.png
2022-09-04 12:49:31 INFO Initialising WordCloud
2022-09-04 12:49:31 INFO Text file selected contains 28001 words
2022-09-04 12:49:31 INFO Default text file selected: Corbyn Conference Speeches 2015-2019.txt
2022-09-04 12:49:31 INFO Default image file selected: Cat_Silhouette_PNG_Transparent_Clip_Art_Image.png
2022-09-04 12:50:16 INFO Initialising WordCloud
2022-09-04 12:50:16 INFO Text file selected contains 28001 words
2022-09-04 12:50:17 INFO Default text file selected: Corbyn Conference Speeches 2015-2019.txt
2022-09-04 12:50:17 INFO Default image file selected: Cat_Silhouette_PNG_Transparent_Clip_Art_Image.png
2022-09-04 12:51:00 INFO Initialising WordCloud
2022-09-04 12:51:00 INFO Text file selected contains 28001 words
2022-09-04 12:51:00 INFO Default text file selected: Corbyn Conference Speeches 2015-2019.txt
2022-09-04 12:51:00 INFO Default image file selected: Cat_Silhouette_PNG_Transparent_Clip_Art_Image.png
2022-09-04 12:51:41 INFO Initialising WordCloud
2022-09-04 12:51:41 INFO Text file selected contains 28001 words
2022-09-04 12:51:42 INFO Default text file selected: Corbyn Conference Speeches 2015-2019.txt
2022-09-04 12:51:42 INFO Default image file selected: Cat_Silhouette_PNG_Transparent_Clip_Art_Image.png
2022-09-04 12:51:55 INFO Initialising WordCloud
2022-09-04 12:51:55 INFO Text file selected contains 28001 words
2022-09-04 12:51:55 INFO Default text file selected: Corbyn Conference Speeches 2015-2019.txt
2022-09-04 12:51:55 INFO Default image file selected: Cat_Silhouette_PNG_Transparent_Clip_Art_Image.png
2022-09-04 12:52:55 INFO Initialising WordCloud
2022-09-04 12:52:55 INFO Text file selected contains 28001 words
2022-09-04 12:52:55 INFO Default text file selected: Corbyn Conference Speeches 2015-2019.txt
2022-09-04 12:52:55 INFO Default image file selected: Cat_Silhouette_PNG_Transparent_Clip_Art_Image.png
2022-09-04 12:53:06 INFO Initialising WordCloud
2022-09-04 12:53:06 INFO Text file selected contains 28001 words
2022-09-04 12:53:06 INFO Default text file selected: Corbyn Conference Speeches 2015-2019.txt
2022-09-04 12:53:06 INFO Default image file selected: Cat_Silhouette_PNG_Transparent_Clip_Art_Image.png
2022-09-04 12:54:31 INFO Initialising WordCloud
2022-09-04 12:54:31 INFO Text file selected contains 28001 words
2022-09-04 12:54:31 INFO Default text file selected: Corbyn Conference Speeches 2015-2019.txt
2022-09-04 12:54:31 INFO Default image file selected: Cat_Silhouette_PNG_Transparent_Clip_Art_Image.png
2022-09-04 12:54:43 INFO Initialising WordCloud
2022-09-04 12:54:43 INFO Text file selected contains 28001 words
2022-09-04 12:54:43 INFO Default text file selected: Corbyn Conference Speeches 2015-2019.txt
2022-09-04 12:54:43 INFO Default image file selected: Cat_Silhouette_PNG_Transparent_Clip_Art_Image.png
2022-09-04 12:55:51 INFO Initialising WordCloud
2022-09-04 12:55:51 INFO Text file selected contains 28001 words
2022-09-04 12:55:51 INFO Default text file selected: Corbyn Conference Speeches 2015-2019.txt
2022-09-04 12:55:51 INFO Default image file selected: Cat_Silhouette_PNG_Transparent_Clip_Art_Image.png
2022-09-04 12:56:30 INFO Initialising WordCloud
2022-09-04 12:56:30 INFO Text file selected contains 28001 words
2022-09-04 12:56:30 INFO Default text file selected: Corbyn Conference Speeches 2015-2019.txt
2022-09-04 12:56:30 INFO Default image file selected: Cat_Silhouette_PNG_Transparent_Clip_Art_Image.png
2022-09-04 12:57:44 INFO Initialising WordCloud
2022-09-04 12:57:44 INFO Text file selected contains 28001 words
2022-09-04 12:57:45 INFO Default text file selected: Corbyn Conference Speeches 2015-2019.txt
2022-09-04 12:57:45 INFO Default image file selected: Cat_Silhouette_PNG_Transparent_Clip_Art_Image.png
2022-09-04 12:57:56 INFO Text file selected contains 62826 words
2022-09-04 12:57:56 INFO Selected text file is PhD thesis.txt and contains 62826 words
2022-09-04 12:58:51 INFO Initialising WordCloud
2022-09-04 12:58:51 INFO Text file selected contains 28001 words
2022-09-04 12:58:51 INFO Default text file selected: Corbyn Conference Speeches 2015-2019.txt
2022-09-04 12:58:51 INFO Default image file selected: Cat_Silhouette_PNG_Transparent_Clip_Art_Image.png
2022-09-04 12:58:56 INFO Text file selected contains 62826 words
2022-09-04 12:58:56 INFO Selected text file is PhD thesis.txt and contains 62826 words
2022-09-04 12:59:02 INFO The selected image is flag of the russian federation.png
2022-09-04 13:00:16 INFO Initialising WordCloud
2022-09-04 13:00:16 INFO Text file selected contains 28001 words
2022-09-04 13:00:16 INFO Default text file selected: Corbyn Conference Speeches 2015-2019.txt
2022-09-04 13:00:16 INFO Default image file selected: Cat_Silhouette_PNG_Transparent_Clip_Art_Image.png
2022-09-04 13:00:30 INFO Text file selected contains 62826 words
2022-09-04 13:00:30 INFO Selected text file is PhD thesis.txt and contains 62826 words
2022-09-04 13:00:34 INFO The selected image is flag of the russian federation.png
2022-09-04 13:00:41 INFO Preview Cloud Selected
2022-09-04 13:00:41 INFO Cloud Generation checking the Text File Selected
2022-09-04 13:00:41 INFO Checking whether tick boxes are selected
2022-09-04 13:00:41 INFO Image settings are not ticked
2022-09-04 13:00:41 INFO Include Numbers is set to False
2022-09-04 13:00:41 INFO Include repeated words is set to False
2022-09-04 13:00:41 INFO Word Cloud colour selected - viridis
2022-09-04 13:00:41 INFO Text file found
2022-09-04 13:00:49 INFO Generated Word Cloud
2022-09-04 13:06:59 INFO Initialising WordCloud
2022-09-04 13:06:59 INFO Text file selected contains 28001 words
2022-09-04 13:06:59 INFO Default text file selected: Corbyn Conference Speeches 2015-2019.txt
2022-09-04 13:06:59 INFO Default image file selected: Cat_Silhouette_PNG_Transparent_Clip_Art_Image.png
2022-09-04 13:07:11 INFO Initialising WordCloud
2022-09-04 13:07:11 INFO Text file selected contains 28001 words
2022-09-04 13:07:11 INFO Default text file selected: Corbyn Conference Speeches 2015-2019.txt
2022-09-04 13:07:11 INFO Default image file selected: Cat_Silhouette_PNG_Transparent_Clip_Art_Image.png
2022-09-04 13:21:28 INFO Initialising WordCloud
2022-09-04 13:21:28 INFO Text file selected contains 28001 words
2022-09-04 13:21:28 INFO Default text file selected: Corbyn Conference Speeches 2015-2019.txt
2022-09-04 13:21:28 INFO Default image file selected: Cat_Silhouette_PNG_Transparent_Clip_Art_Image.png
2022-09-04 13:23:08 INFO Initialising WordCloud
2022-09-04 13:23:08 INFO Text file selected contains 28001 words
2022-09-04 13:23:08 INFO Default text file selected: Corbyn Conference Speeches 2015-2019.txt
2022-09-04 13:23:08 INFO Default image file selected: Cat_Silhouette_PNG_Transparent_Clip_Art_Image.png
2022-09-04 13:24:29 INFO Initialising WordCloud
2022-09-04 13:24:29 INFO Text file selected contains 28001 words
2022-09-04 13:24:30 INFO Default text file selected: Corbyn Conference Speeches 2015-2019.txt
2022-09-04 13:24:30 INFO Default image file selected: Cat_Silhouette_PNG_Transparent_Clip_Art_Image.png
2022-09-04 13:25:14 INFO Initialising WordCloud
2022-09-04 13:25:14 INFO Text file selected contains 28001 words
2022-09-04 13:25:14 INFO Default text file selected: Corbyn Conference Speeches 2015-2019.txt
2022-09-04 13:25:14 INFO Default image file selected: Cat_Silhouette_PNG_Transparent_Clip_Art_Image.png
2022-09-04 13:25:53 INFO Initialising WordCloud
2022-09-04 13:25:53 INFO Text file selected contains 28001 words
2022-09-04 13:25:53 INFO Default text file selected: Corbyn Conference Speeches 2015-2019.txt
2022-09-04 13:25:53 INFO Default image file selected: Cat_Silhouette_PNG_Transparent_Clip_Art_Image.png
2022-09-04 13:26:11 INFO Initialising WordCloud
2022-09-04 13:26:11 INFO Text file selected contains 28001 words
2022-09-04 13:26:11 INFO Default text file selected: Corbyn Conference Speeches 2015-2019.txt
2022-09-04 13:26:11 INFO Default image file selected: Cat_Silhouette_PNG_Transparent_Clip_Art_Image.png
2022-09-04 13:27:07 INFO Initialising WordCloud
2022-09-04 13:27:07 INFO Text file selected contains 28001 words
2022-09-04 13:27:07 INFO Default text file selected: Corbyn Conference Speeches 2015-2019.txt
2022-09-04 13:27:07 INFO Default image file selected: Cat_Silhouette_PNG_Transparent_Clip_Art_Image.png
2022-09-04 13:27:32 INFO Initialising WordCloud
2022-09-04 13:27:32 INFO Text file selected contains 28001 words
2022-09-04 13:27:32 INFO Default text file selected: Corbyn Conference Speeches 2015-2019.txt
2022-09-04 13:27:32 INFO Default image file selected: Cat_Silhouette_PNG_Transparent_Clip_Art_Image.png
2022-09-04 13:28:03 INFO Initialising WordCloud
2022-09-04 13:28:03 INFO Text file selected contains 28001 words
2022-09-04 13:28:03 INFO Default text file selected: Corbyn Conference Speeches 2015-2019.txt
2022-09-04 13:28:03 INFO Default image file selected: Cat_Silhouette_PNG_Transparent_Clip_Art_Image.png
2022-09-04 13:28:38 INFO Initialising WordCloud
2022-09-04 13:28:38 INFO Text file selected contains 28001 words
2022-09-04 13:28:38 INFO Default text file selected: Corbyn Conference Speeches 2015-2019.txt
2022-09-04 13:28:38 INFO Default image file selected: Cat_Silhouette_PNG_Transparent_Clip_Art_Image.png
2022-09-04 13:28:57 INFO Initialising WordCloud
2022-09-04 13:28:58 INFO Text file selected contains 28001 words
2022-09-04 13:28:58 INFO Default text file selected: Corbyn Conference Speeches 2015-2019.txt
2022-09-04 13:28:58 INFO Default image file selected: Cat_Silhouette_PNG_Transparent_Clip_Art_Image.png
2022-09-04 15:34:11 INFO Initialising WordCloud
2022-09-04 15:34:11 INFO Text file selected contains 28001 words
2022-09-04 15:34:11 INFO Default text file selected: Corbyn Conference Speeches 2015-2019.txt
2022-09-04 15:34:11 INFO Default image file selected: Cat_Silhouette_PNG_Transparent_Clip_Art_Image.png
2022-09-04 15:34:34 INFO Initialising WordCloud
2022-09-04 15:34:34 INFO Text file selected contains 28001 words
2022-09-04 15:34:34 INFO Default text file selected: Corbyn Conference Speeches 2015-2019.txt
2022-09-04 15:34:34 INFO Default image file selected: Cat_Silhouette_PNG_Transparent_Clip_Art_Image.png
2022-09-05 09:59:43 INFO Initialising WordCloud
2022-09-05 09:59:43 INFO Text file selected contains 28001 words
2022-09-05 09:59:43 INFO Default text file selected: Corbyn Conference Speeches 2015-2019.txt
2022-09-05 09:59:43 INFO Default image file selected: Cat_Silhouette_PNG_Transparent_Clip_Art_Image.png
2022-09-05 10:27:37 INFO Initialising WordCloud
2022-09-05 10:27:37 INFO Text file selected contains 28001 words
2022-09-05 10:27:37 INFO Default text file selected: Corbyn Conference Speeches 2015-2019.txt
2022-09-05 10:27:37 INFO Default image file selected: Cat_Silhouette_PNG_Transparent_Clip_Art_Image.png
2022-09-05 10:28:27 INFO Initialising WordCloud
2022-09-05 10:28:27 INFO Text file selected contains 28001 words
2022-09-05 10:28:27 INFO Default text file selected: Corbyn Conference Speeches 2015-2019.txt
2022-09-05 10:28:27 INFO Default image file selected: Cat_Silhouette_PNG_Transparent_Clip_Art_Image.png
2022-09-05 10:29:21 INFO Initialising WordCloud
2022-09-05 10:29:21 INFO Text file selected contains 28001 words
2022-09-05 10:29:21 INFO Default text file selected: Corbyn Conference Speeches 2015-2019.txt
2022-09-05 10:29:21 INFO Default image file selected: Cat_Silhouette_PNG_Transparent_Clip_Art_Image.png
2022-09-05 10:29:36 INFO Initialising WordCloud
2022-09-05 10:29:36 INFO Text file selected contains 28001 words
2022-09-05 10:29:36 INFO Default text file selected: Corbyn Conference Speeches 2015-2019.txt
2022-09-05 10:29:36 INFO Default image file selected: Cat_Silhouette_PNG_Transparent_Clip_Art_Image.png
2022-09-05 11:30:35 INFO Initialising WordCloud
2022-09-05 11:30:35 INFO Text file selected contains 28001 words
2022-09-05 11:30:35 INFO Default text file selected: Corbyn Conference Speeches 2015-2019.txt
2022-09-05 11:30:35 INFO Default image file selected: Cat_Silhouette_PNG_Transparent_Clip_Art_Image.png
2022-09-05 11:30:54 INFO Initialising WordCloud
2022-09-05 11:30:54 INFO Text file selected contains 28001 words
2022-09-05 11:30:54 INFO Default text file selected: Corbyn Conference Speeches 2015-2019.txt
2022-09-05 11:30:54 INFO Default image file selected: Cat_Silhouette_PNG_Transparent_Clip_Art_Image.png
2022-09-05 11:31:44 INFO Initialising WordCloud
2022-09-05 11:31:44 INFO Text file selected contains 28001 words
2022-09-05 11:31:44 INFO Default text file selected: Corbyn Conference Speeches 2015-2019.txt
2022-09-05 11:31:44 INFO Default image file selected: Cat_Silhouette_PNG_Transparent_Clip_Art_Image.png
2022-09-05 11:32:03 INFO Initialising WordCloud
2022-09-05 11:32:03 INFO Text file selected contains 28001 words
2022-09-05 11:32:03 INFO Default text file selected: Corbyn Conference Speeches 2015-2019.txt
2022-09-05 11:32:03 INFO Default image file selected: Cat_Silhouette_PNG_Transparent_Clip_Art_Image.png
2022-09-05 11:32:34 INFO Initialising WordCloud
2022-09-05 11:32:34 INFO Text file selected contains 28001 words
2022-09-05 11:32:34 INFO Default text file selected: Corbyn Conference Speeches 2015-2019.txt
2022-09-05 11:32:34 INFO Default image file selected: Cat_Silhouette_PNG_Transparent_Clip_Art_Image.png
2022-09-05 11:33:31 INFO Initialising WordCloud
2022-09-05 11:33:31 INFO Text file selected contains 28001 words
2022-09-05 11:33:31 INFO Default text file selected: Corbyn Conference Speeches 2015-2019.txt
2022-09-05 11:33:31 INFO Default image file selected: Cat_Silhouette_PNG_Transparent_Clip_Art_Image.png
2022-09-05 11:33:44 INFO Initialising WordCloud
2022-09-05 11:33:44 INFO Text file selected contains 28001 words
2022-09-05 11:33:44 INFO Default text file selected: Corbyn Conference Speeches 2015-2019.txt
2022-09-05 11:33:44 INFO Default image file selected: Cat_Silhouette_PNG_Transparent_Clip_Art_Image.png
2022-09-05 11:33:58 INFO Initialising WordCloud
2022-09-05 11:33:58 INFO Text file selected contains 28001 words
2022-09-05 11:33:58 INFO Default text file selected: Corbyn Conference Speeches 2015-2019.txt
2022-09-05 11:33:58 INFO Default image file selected: Cat_Silhouette_PNG_Transparent_Clip_Art_Image.png
2022-09-05 11:34:07 INFO Initialising WordCloud
2022-09-05 11:34:07 INFO Text file selected contains 28001 words
2022-09-05 11:34:07 INFO Default text file selected: Corbyn Conference Speeches 2015-2019.txt
2022-09-05 11:34:07 INFO Default image file selected: Cat_Silhouette_PNG_Transparent_Clip_Art_Image.png
2022-09-05 11:35:24 INFO Initialising WordCloud
2022-09-05 11:35:24 INFO Text file selected contains 28001 words
2022-09-05 11:35:24 INFO Default text file selected: Corbyn Conference Speeches 2015-2019.txt
2022-09-05 11:35:24 INFO Default image file selected: Cat_Silhouette_PNG_Transparent_Clip_Art_Image.png
2022-09-05 11:37:05 INFO Initialising WordCloud
2022-09-05 11:37:05 INFO Text file selected contains 28001 words
2022-09-05 11:37:05 INFO Default text file selected: Corbyn Conference Speeches 2015-2019.txt
2022-09-05 11:37:05 INFO Default image file selected: Cat_Silhouette_PNG_Transparent_Clip_Art_Image.png
2022-09-05 11:39:33 INFO Initialising WordCloud
2022-09-05 11:39:33 INFO Text file selected contains 28001 words
2022-09-05 11:39:34 INFO Default text file selected: Corbyn Conference Speeches 2015-2019.txt
2022-09-05 11:39:34 INFO Default image file selected: Cat_Silhouette_PNG_Transparent_Clip_Art_Image.png
2022-09-05 11:39:53 INFO Initialising WordCloud
2022-09-05 11:39:53 INFO Text file selected contains 28001 words
2022-09-05 11:39:53 INFO Default text file selected: Corbyn Conference Speeches 2015-2019.txt
2022-09-05 11:39:53 INFO Default image file selected: Cat_Silhouette_PNG_Transparent_Clip_Art_Image.png
2022-09-05 11:40:17 INFO Initialising WordCloud
2022-09-05 11:40:17 INFO Text file selected contains 28001 words
2022-09-05 11:40:17 INFO Default text file selected: Corbyn Conference Speeches 2015-2019.txt
2022-09-05 11:40:17 INFO Default image file selected: Cat_Silhouette_PNG_Transparent_Clip_Art_Image.png
2022-09-05 11:40:44 INFO Initialising WordCloud
2022-09-05 11:40:44 INFO Text file selected contains 28001 words
2022-09-05 11:40:44 INFO Default text file selected: Corbyn Conference Speeches 2015-2019.txt
2022-09-05 11:40:44 INFO Default image file selected: Cat_Silhouette_PNG_Transparent_Clip_Art_Image.png
2022-09-05 11:41:15 INFO Initialising WordCloud
2022-09-05 11:41:15 INFO Text file selected contains 28001 words
2022-09-05 11:41:15 INFO Default text file selected: Corbyn Conference Speeches 2015-2019.txt
2022-09-05 11:41:15 INFO Default image file selected: Cat_Silhouette_PNG_Transparent_Clip_Art_Image.png
2022-09-05 11:41:33 INFO Initialising WordCloud
2022-09-05 11:41:33 INFO Text file selected contains 28001 words
2022-09-05 11:41:33 INFO Default text file selected: Corbyn Conference Speeches 2015-2019.txt
2022-09-05 11:41:33 INFO Default image file selected: Cat_Silhouette_PNG_Transparent_Clip_Art_Image.png
2022-09-05 11:42:04 INFO Initialising WordCloud
2022-09-05 11:42:04 INFO Text file selected contains 28001 words
2022-09-05 11:42:04 INFO Default text file selected: Corbyn Conference Speeches 2015-2019.txt
2022-09-05 11:42:04 INFO Default image file selected: Cat_Silhouette_PNG_Transparent_Clip_Art_Image.png
2022-09-05 11:42:20 INFO Initialising WordCloud
2022-09-05 11:42:20 INFO Text file selected contains 28001 words
2022-09-05 11:42:20 INFO Default text file selected: Corbyn Conference Speeches 2015-2019.txt
2022-09-05 11:42:20 INFO Default image file selected: Cat_Silhouette_PNG_Transparent_Clip_Art_Image.png
2022-09-05 11:43:09 INFO Initialising WordCloud
2022-09-05 11:43:09 INFO Text file selected contains 28001 words
2022-09-05 11:43:09 INFO Default text file selected: Corbyn Conference Speeches 2015-2019.txt
2022-09-05 11:43:09 INFO Default image file selected: Cat_Silhouette_PNG_Transparent_Clip_Art_Image.png
2022-09-05 12:09:03 INFO Initialising WordCloud
2022-09-05 12:09:03 INFO Text file selected contains 28001 words
2022-09-05 12:09:03 INFO Default text file selected: Corbyn Conference Speeches 2015-2019.txt
2022-09-05 12:09:03 INFO Default image file selected: Cat_Silhouette_PNG_Transparent_Clip_Art_Image.png
2022-09-05 12:43:59 INFO Preview Cloud Selected
2022-09-05 12:43:59 INFO Cloud Generation checking the Text File Selected
2022-09-05 12:43:59 INFO Checking whether tick boxes are selected
2022-09-05 12:43:59 INFO Image settings are not ticked
2022-09-05 12:43:59 INFO Include Numbers is set to False
2022-09-05 12:43:59 INFO Include repeated words is set to False
2022-09-05 12:43:59 INFO Word Cloud colour selected - magma
2022-09-05 12:43:59 INFO Text file found
2022-09-05 12:44:06 INFO Generated Word Cloud
2022-09-05 12:44:13 INFO Preview Cloud Selected
2022-09-05 12:44:13 INFO Cloud Generation checking the Text File Selected
2022-09-05 12:44:13 INFO Checking whether tick boxes are selected
2022-09-05 12:44:13 INFO Image settings are not ticked
2022-09-05 12:44:13 INFO Include Numbers is set to False
2022-09-05 12:44:13 INFO Include repeated words is set to False
2022-09-05 12:44:13 INFO Word Cloud colour selected - magma
2022-09-05 12:44:13 INFO Text file found
2022-09-05 12:44:16 INFO Generated Word Cloud
2022-09-05 12:44:22 INFO Preview Cloud Selected
2022-09-05 12:44:22 INFO Cloud Generation checking the Text File Selected
2022-09-05 12:44:22 INFO Checking whether tick boxes are selected
2022-09-05 12:44:22 INFO Image settings are not ticked
2022-09-05 12:44:22 INFO Include Numbers is set to True
2022-09-05 12:44:22 INFO Include repeated words is set to True
2022-09-05 12:44:22 INFO Word Cloud colour selected - magma
2022-09-05 12:44:22 INFO Text file found
2022-09-05 12:44:27 INFO Generated Word Cloud
2022-09-05 12:44:50 INFO Preview Cloud Selected
2022-09-05 12:44:50 INFO Cloud Generation checking the Text File Selected
2022-09-05 12:44:50 INFO Checking whether tick boxes are selected
2022-09-05 12:44:50 INFO Image settings are not ticked
2022-09-05 12:44:50 INFO Include Numbers is set to True
2022-09-05 12:44:50 INFO Include repeated words is set to True
2022-09-05 12:44:50 INFO Word Cloud colour selected - magma
2022-09-05 12:44:50 INFO Text file found
2022-09-05 12:44:56 INFO Generated Word Cloud
2022-09-05 12:45:24 INFO Preview Cloud Selected
2022-09-05 12:45:24 INFO Cloud Generation checking the Text File Selected
2022-09-05 12:45:24 INFO Checking whether tick boxes are selected
2022-09-05 12:45:24 INFO Image settings are not ticked
2022-09-05 12:45:24 INFO Include Numbers is set to True
2022-09-05 12:45:24 INFO Include repeated words is set to True
2022-09-05 12:45:24 INFO Word Cloud colour selected - magma
2022-09-05 12:45:24 INFO Text file found
2022-09-05 12:45:39 INFO Generated Word Cloud
2022-09-05 13:58:51 INFO Initialising WordCloud
2022-09-05 13:58:51 INFO Text file selected contains 28001 words
2022-09-05 13:58:51 INFO Default text file selected: Corbyn Conference Speeches 2015-2019.txt
2022-09-05 13:58:51 INFO Default image file selected: Cat_Silhouette_PNG_Transparent_Clip_Art_Image.png
2022-09-05 13:59:19 INFO Initialising WordCloud
2022-09-05 13:59:19 INFO Text file selected contains 28001 words
2022-09-05 13:59:19 INFO Default text file selected: Corbyn Conference Speeches 2015-2019.txt
2022-09-05 13:59:19 INFO Default image file selected: Cat_Silhouette_PNG_Transparent_Clip_Art_Image.png
2022-09-05 13:59:40 INFO Initialising WordCloud
2022-09-05 13:59:40 INFO Text file selected contains 28001 words
2022-09-05 13:59:40 INFO Default text file selected: Corbyn Conference Speeches 2015-2019.txt
2022-09-05 13:59:40 INFO Default image file selected: Cat_Silhouette_PNG_Transparent_Clip_Art_Image.png
2022-09-05 14:00:45 INFO Initialising WordCloud
2022-09-05 14:00:45 INFO Text file selected contains 28001 words
2022-09-05 14:00:45 INFO Default text file selected: Corbyn Conference Speeches 2015-2019.txt
2022-09-05 14:00:45 INFO Default image file selected: Cat_Silhouette_PNG_Transparent_Clip_Art_Image.png
2022-09-05 14:01:20 INFO Initialising WordCloud
2022-09-05 14:01:20 INFO Text file selected contains 28001 words
2022-09-05 14:01:20 INFO Default text file selected: Corbyn Conference Speeches 2015-2019.txt
2022-09-05 14:01:20 INFO Default image file selected: Cat_Silhouette_PNG_Transparent_Clip_Art_Image.png
2022-09-05 14:13:49 INFO Initialising WordCloud
2022-09-05 14:13:49 INFO Text file selected contains 28001 words
2022-09-05 14:13:49 INFO Default text file selected: Corbyn Conference Speeches 2015-2019.txt
2022-09-05 14:13:49 INFO Default image file selected: Cat_Silhouette_PNG_Transparent_Clip_Art_Image.png
2022-09-05 14:20:35 INFO Initialising WordCloud
2022-09-05 14:20:35 INFO Text file selected contains 28001 words
2022-09-05 14:20:35 INFO Default text file selected: Corbyn Conference Speeches 2015-2019.txt
2022-09-05 14:20:35 INFO Default image file selected: Cat_Silhouette_PNG_Transparent_Clip_Art_Image.png
2022-09-05 14:33:47 INFO Initialising WordCloud
2022-09-05 14:33:47 INFO Text file selected contains 28001 words
2022-09-05 14:33:47 INFO Default text file selected: Corbyn Conference Speeches 2015-2019.txt
2022-09-05 14:33:47 INFO Default image file selected: Cat_Silhouette_PNG_Transparent_Clip_Art_Image.png
2022-09-05 14:34:09 INFO Initialising WordCloud
2022-09-05 14:34:09 INFO Text file selected contains 28001 words
2022-09-05 14:34:09 INFO Default text file selected: Corbyn Conference Speeches 2015-2019.txt
2022-09-05 14:34:09 INFO Default image file selected: Cat_Silhouette_PNG_Transparent_Clip_Art_Image.png
2022-09-05 14:35:37 INFO Initialising WordCloud
2022-09-05 14:35:37 INFO Text file selected contains 28001 words
2022-09-05 14:35:37 INFO Default text file selected: Corbyn Conference Speeches 2015-2019.txt
2022-09-05 14:35:37 INFO Default image file selected: Cat_Silhouette_PNG_Transparent_Clip_Art_Image.png
2022-09-05 14:35:52 INFO Initialising WordCloud
2022-09-05 14:35:52 INFO Text file selected contains 28001 words
2022-09-05 14:35:52 INFO Default text file selected: Corbyn Conference Speeches 2015-2019.txt
2022-09-05 14:35:52 INFO Default image file selected: Cat_Silhouette_PNG_Transparent_Clip_Art_Image.png
2022-09-05 14:37:38 INFO Initialising WordCloud
2022-09-05 14:37:38 INFO Text file selected contains 28001 words
2022-09-05 14:37:38 INFO Default text file selected: Corbyn Conference Speeches 2015-2019.txt
2022-09-05 14:37:38 INFO Default image file selected: Cat_Silhouette_PNG_Transparent_Clip_Art_Image.png
2022-09-05 14:37:44 INFO #00ff00 has been selected as the WordCloud background colour
2022-09-05 14:38:02 INFO Initialising WordCloud
2022-09-05 14:38:02 INFO Text file selected contains 28001 words
2022-09-05 14:38:02 INFO Default text file selected: Corbyn Conference Speeches 2015-2019.txt
2022-09-05 14:38:02 INFO Default image file selected: Cat_Silhouette_PNG_Transparent_Clip_Art_Image.png
2022-09-05 14:39:55 INFO Initialising WordCloud
2022-09-05 14:39:55 INFO Text file selected contains 28001 words
2022-09-05 14:39:55 INFO Default text file selected: Corbyn Conference Speeches 2015-2019.txt
2022-09-05 14:39:55 INFO Default image file selected: Cat_Silhouette_PNG_Transparent_Clip_Art_Image.png
2022-09-05 14:40:34 INFO Initialising WordCloud
2022-09-05 14:40:34 INFO Text file selected contains 28001 words
2022-09-05 14:40:34 INFO Default text file selected: Corbyn Conference Speeches 2015-2019.txt
2022-09-05 14:40:34 INFO Default image file selected: Cat_Silhouette_PNG_Transparent_Clip_Art_Image.png
2022-09-05 14:41:19 INFO Initialising WordCloud
2022-09-05 14:41:19 INFO Text file selected contains 28001 words
2022-09-05 14:41:19 INFO Default text file selected: Corbyn Conference Speeches 2015-2019.txt
2022-09-05 14:41:19 INFO Default image file selected: Cat_Silhouette_PNG_Transparent_Clip_Art_Image.png
2022-09-05 14:41:48 INFO Initialising WordCloud
2022-09-05 14:41:48 INFO Text file selected contains 28001 words
2022-09-05 14:41:48 INFO Default text file selected: Corbyn Conference Speeches 2015-2019.txt
2022-09-05 14:41:48 INFO Default image file selected: Cat_Silhouette_PNG_Transparent_Clip_Art_Image.png
2022-09-05 14:42:01 INFO Initialising WordCloud
2022-09-05 14:42:01 INFO Text file selected contains 28001 words
2022-09-05 14:42:01 INFO Default text file selected: Corbyn Conference Speeches 2015-2019.txt
2022-09-05 14:42:01 INFO Default image file selected: Cat_Silhouette_PNG_Transparent_Clip_Art_Image.png
2022-09-05 14:42:16 INFO Initialising WordCloud
2022-09-05 14:42:16 INFO Text file selected contains 28001 words
2022-09-05 14:42:16 INFO Default text file selected: Corbyn Conference Speeches 2015-2019.txt
2022-09-05 14:42:16 INFO Default image file selected: Cat_Silhouette_PNG_Transparent_Clip_Art_Image.png
2022-09-05 14:42:37 INFO Initialising WordCloud
2022-09-05 14:42:37 INFO Text file selected contains 28001 words
2022-09-05 14:42:37 INFO Default text file selected: Corbyn Conference Speeches 2015-2019.txt
2022-09-05 14:42:37 INFO Default image file selected: Cat_Silhouette_PNG_Transparent_Clip_Art_Image.png
2022-09-05 14:43:57 INFO Initialising WordCloud
2022-09-05 14:43:57 INFO Text file selected contains 28001 words
2022-09-05 14:43:57 INFO Default text file selected: Corbyn Conference Speeches 2015-2019.txt
2022-09-05 14:43:57 INFO Default image file selected: Cat_Silhouette_PNG_Transparent_Clip_Art_Image.png
2022-09-05 14:54:10 INFO Initialising WordCloud
2022-09-05 14:54:10 INFO Text file selected contains 28001 words
2022-09-05 14:54:10 INFO Default text file selected: Corbyn Conference Speeches 2015-2019.txt
2022-09-05 14:54:10 INFO Default image file selected: Cat_Silhouette_PNG_Transparent_Clip_Art_Image.png
2022-09-05 14:54:19 INFO Initialising WordCloud
2022-09-05 14:54:19 INFO Text file selected contains 28001 words
2022-09-05 14:54:19 INFO Default text file selected: Corbyn Conference Speeches 2015-2019.txt
2022-09-05 14:54:19 INFO Default image file selected: Cat_Silhouette_PNG_Transparent_Clip_Art_Image.png
2022-09-05 14:54:39 INFO Initialising WordCloud
2022-09-05 14:54:39 INFO Text file selected contains 28001 words
2022-09-05 14:54:39 INFO Default text file selected: Corbyn Conference Speeches 2015-2019.txt
2022-09-05 14:54:39 INFO Default image file selected: Cat_Silhouette_PNG_Transparent_Clip_Art_Image.png
2022-09-05 14:55:02 INFO Initialising WordCloud
2022-09-05 14:55:02 INFO Text file selected contains 28001 words
2022-09-05 14:55:02 INFO Default text file selected: Corbyn Conference Speeches 2015-2019.txt
2022-09-05 14:55:02 INFO Default image file selected: Cat_Silhouette_PNG_Transparent_Clip_Art_Image.png
2022-09-05 14:55:23 INFO Initialising WordCloud
2022-09-05 14:55:23 INFO Text file selected contains 28001 words
2022-09-05 14:55:23 INFO Default text file selected: Corbyn Conference Speeches 2015-2019.txt
2022-09-05 14:55:23 INFO Default image file selected: Cat_Silhouette_PNG_Transparent_Clip_Art_Image.png
2022-09-05 14:55:34 INFO Initialising WordCloud
2022-09-05 14:55:34 INFO Text file selected contains 28001 words
2022-09-05 14:55:34 INFO Default text file selected: Corbyn Conference Speeches 2015-2019.txt
2022-09-05 14:55:34 INFO Default image file selected: Cat_Silhouette_PNG_Transparent_Clip_Art_Image.png
2022-09-05 14:55:49 INFO Initialising WordCloud
2022-09-05 14:55:49 INFO Text file selected contains 28001 words
2022-09-05 14:55:49 INFO Default text file selected: Corbyn Conference Speeches 2015-2019.txt
2022-09-05 14:55:49 INFO Default image file selected: Cat_Silhouette_PNG_Transparent_Clip_Art_Image.png
2022-09-05 14:56:08 INFO Initialising WordCloud
2022-09-05 14:56:08 INFO Text file selected contains 28001 words
2022-09-05 14:56:08 INFO Default text file selected: Corbyn Conference Speeches 2015-2019.txt
2022-09-05 14:56:08 INFO Default image file selected: Cat_Silhouette_PNG_Transparent_Clip_Art_Image.png
2022-09-05 14:56:28 INFO Initialising WordCloud
2022-09-05 14:56:28 INFO Text file selected contains 28001 words
2022-09-05 14:56:29 INFO Default text file selected: Corbyn Conference Speeches 2015-2019.txt
2022-09-05 14:56:29 INFO Default image file selected: Cat_Silhouette_PNG_Transparent_Clip_Art_Image.png
2022-09-05 14:56:45 INFO Initialising WordCloud
2022-09-05 14:56:45 INFO Text file selected contains 28001 words
2022-09-05 14:56:46 INFO Default text file selected: Corbyn Conference Speeches 2015-2019.txt
2022-09-05 14:56:46 INFO Default image file selected: Cat_Silhouette_PNG_Transparent_Clip_Art_Image.png
2022-09-05 14:56:59 INFO Reset all settings has been pressed
2022-09-05 14:56:59 INFO Text file selected contains 28001 words
2022-09-05 14:56:59 INFO All settings reset back to default values
2022-09-05 14:57:00 INFO Reset all settings has been pressed
2022-09-05 14:57:00 INFO Text file selected contains 28001 words
2022-09-05 14:57:00 INFO All settings reset back to default values
2022-09-05 14:57:07 INFO Exiting program
2022-09-05 14:57:52 INFO Initialising WordCloud
2022-09-05 14:57:52 INFO Text file selected contains 28001 words
2022-09-05 14:57:52 INFO Default text file selected: Corbyn Conference Speeches 2015-2019.txt
2022-09-05 14:57:52 INFO Default image file selected: Cat_Silhouette_PNG_Transparent_Clip_Art_Image.png
2022-09-05 14:58:40 INFO Initialising WordCloud
2022-09-05 14:58:40 INFO Text file selected contains 28001 words
2022-09-05 14:58:40 INFO Default text file selected: Corbyn Conference Speeches 2015-2019.txt
2022-09-05 14:58:40 INFO Default image file selected: Cat_Silhouette_PNG_Transparent_Clip_Art_Image.png
2022-09-05 14:58:42 INFO Reset all settings has been pressed
2022-09-05 14:58:42 INFO Text file selected contains 28001 words
2022-09-05 14:58:42 INFO All settings reset back to default values
2022-09-05 14:58:43 INFO Reset all settings has been pressed
2022-09-05 14:58:43 INFO Text file selected contains 28001 words
2022-09-05 14:58:43 INFO All settings reset back to default values
2022-09-05 14:58:43 INFO Reset all settings has been pressed
2022-09-05 14:58:43 INFO Text file selected contains 28001 words
2022-09-05 14:58:43 INFO All settings reset back to default values
2022-09-05 14:58:48 INFO Reset all settings has been pressed
2022-09-05 14:58:48 INFO Text file selected contains 28001 words
2022-09-05 14:58:48 INFO All settings reset back to default values
2022-09-05 14:58:48 INFO Reset all settings has been pressed
2022-09-05 14:58:48 INFO Text file selected contains 28001 words
2022-09-05 14:58:48 INFO All settings reset back to default values
2022-09-05 14:58:49 INFO Reset all settings has been pressed
2022-09-05 14:58:49 INFO Text file selected contains 28001 words
2022-09-05 14:58:49 INFO All settings reset back to default values
2022-09-05 14:58:52 INFO Reset all settings has been pressed
2022-09-05 14:58:52 INFO Text file selected contains 28001 words
2022-09-05 14:58:52 INFO All settings reset back to default values
2022-09-05 14:58:56 INFO Reset all settings has been pressed
2022-09-05 14:58:56 INFO Text file selected contains 28001 words
2022-09-05 14:58:56 INFO All settings reset back to default values
2022-09-05 14:58:59 INFO Exiting program
2022-09-05 14:59:19 INFO Initialising WordCloud
2022-09-05 14:59:19 INFO Text file selected contains 28001 words
2022-09-05 14:59:19 INFO Default text file selected: Corbyn Conference Speeches 2015-2019.txt
2022-09-05 14:59:19 INFO Default image file selected: Cat_Silhouette_PNG_Transparent_Clip_Art_Image.png
2022-09-05 15:00:12 INFO Initialising WordCloud
2022-09-05 15:00:12 INFO Text file selected contains 28001 words
2022-09-05 15:00:13 INFO Default text file selected: Corbyn Conference Speeches 2015-2019.txt
2022-09-05 15:00:13 INFO Default image file selected: Cat_Silhouette_PNG_Transparent_Clip_Art_Image.png
2022-09-05 15:00:34 INFO Initialising WordCloud
2022-09-05 15:00:34 INFO Text file selected contains 28001 words
2022-09-05 15:00:34 INFO Default text file selected: Corbyn Conference Speeches 2015-2019.txt
2022-09-05 15:00:34 INFO Default image file selected: Cat_Silhouette_PNG_Transparent_Clip_Art_Image.png
2022-09-05 15:00:36 INFO Exiting program
2022-09-05 15:00:46 INFO Initialising WordCloud
2022-09-05 15:00:46 INFO Text file selected contains 28001 words
2022-09-05 15:00:46 INFO Default text file selected: Corbyn Conference Speeches 2015-2019.txt
2022-09-05 15:00:46 INFO Default image file selected: Cat_Silhouette_PNG_Transparent_Clip_Art_Image.png
2022-09-05 15:00:50 INFO Exiting program
2022-09-05 15:01:01 INFO Initialising WordCloud
2022-09-05 15:01:01 INFO Text file selected contains 28001 words
2022-09-05 15:01:01 INFO Default text file selected: Corbyn Conference Speeches 2015-2019.txt
2022-09-05 15:01:01 INFO Default image file selected: Cat_Silhouette_PNG_Transparent_Clip_Art_Image.png
2022-09-05 15:01:10 INFO Exiting program
2022-09-05 15:01:20 INFO Initialising WordCloud
2022-09-05 15:01:20 INFO Text file selected contains 28001 words
2022-09-05 15:01:20 INFO Default text file selected: Corbyn Conference Speeches 2015-2019.txt
2022-09-05 15:01:20 INFO Default image file selected: Cat_Silhouette_PNG_Transparent_Clip_Art_Image.png
2022-09-05 15:01:30 INFO Exiting program
2022-09-05 15:02:03 INFO Initialising WordCloud
2022-09-05 15:02:03 INFO Text file selected contains 28001 words
2022-09-05 15:02:03 INFO Default text file selected: Corbyn Conference Speeches 2015-2019.txt
2022-09-05 15:02:03 INFO Default image file selected: Cat_Silhouette_PNG_Transparent_Clip_Art_Image.png
2022-09-05 15:02:07 INFO Exiting program
2022-09-05 15:02:14 INFO Initialising WordCloud
2022-09-05 15:02:14 INFO Text file selected contains 28001 words
2022-09-05 15:02:15 INFO Default text file selected: Corbyn Conference Speeches 2015-2019.txt
2022-09-05 15:02:15 INFO Default image file selected: Cat_Silhouette_PNG_Transparent_Clip_Art_Image.png
2022-09-05 15:03:29 INFO Initialising WordCloud
2022-09-05 15:03:29 INFO Text file selected contains 28001 words
2022-09-05 15:03:29 INFO Default text file selected: Corbyn Conference Speeches 2015-2019.txt
2022-09-05 15:03:29 INFO Default image file selected: Cat_Silhouette_PNG_Transparent_Clip_Art_Image.png
2022-09-05 15:03:36 INFO Exiting program
2022-09-05 15:04:03 INFO Initialising WordCloud
2022-09-05 15:04:03 INFO Text file selected contains 28001 words
2022-09-05 15:04:03 INFO Default text file selected: Corbyn Conference Speeches 2015-2019.txt
2022-09-05 15:04:03 INFO Default image file selected: Cat_Silhouette_PNG_Transparent_Clip_Art_Image.png
2022-09-05 15:04:20 INFO Exiting program
2022-09-05 15:04:36 INFO Initialising WordCloud
2022-09-05 15:04:36 INFO Text file selected contains 28001 words
2022-09-05 15:04:37 INFO Default text file selected: Corbyn Conference Speeches 2015-2019.txt
2022-09-05 15:04:37 INFO Default image file selected: Cat_Silhouette_PNG_Transparent_Clip_Art_Image.png
2022-09-05 15:04:43 INFO Reset all settings has been pressed
2022-09-05 15:04:43 INFO Text file selected contains 28001 words
2022-09-05 15:04:43 INFO All settings reset back to default values
2022-09-05 15:04:45 INFO Reset all settings has been pressed
2022-09-05 15:04:45 INFO Text file selected contains 28001 words
2022-09-05 15:04:45 INFO All settings reset back to default values
2022-09-05 15:04:45 INFO Reset all settings has been pressed
2022-09-05 15:04:45 INFO Text file selected contains 28001 words
2022-09-05 15:04:45 INFO All settings reset back to default values
2022-09-05 15:04:48 INFO Exiting program
2022-09-05 15:05:44 INFO Initialising WordCloud
2022-09-05 15:05:44 INFO Text file selected contains 28001 words
2022-09-05 15:06:35 INFO Initialising WordCloud
2022-09-05 15:06:35 INFO Text file selected contains 28001 words
2022-09-05 15:06:35 INFO Default text file selected: Corbyn Conference Speeches 2015-2019.txt
2022-09-05 15:06:35 INFO Default image file selected: Cat_Silhouette_PNG_Transparent_Clip_Art_Image.png
2022-09-05 15:06:44 INFO Exiting program
2022-09-05 15:07:09 INFO Initialising WordCloud
2022-09-05 15:07:09 INFO Text file selected contains 28001 words
2022-09-05 15:07:09 INFO Default text file selected: Corbyn Conference Speeches 2015-2019.txt
2022-09-05 15:07:09 INFO Default image file selected: Cat_Silhouette_PNG_Transparent_Clip_Art_Image.png
2022-09-05 15:07:37 INFO Exiting program
2022-09-05 15:07:59 INFO Initialising WordCloud
2022-09-05 15:07:59 INFO Text file selected contains 28001 words
2022-09-05 15:07:59 INFO Default text file selected: Corbyn Conference Speeches 2015-2019.txt
2022-09-05 15:07:59 INFO Default image file selected: Cat_Silhouette_PNG_Transparent_Clip_Art_Image.png
2022-09-05 15:08:04 INFO Exiting program
2022-09-05 15:08:22 INFO Initialising WordCloud
2022-09-05 15:08:22 INFO Text file selected contains 28001 words
2022-09-05 15:08:23 INFO Default text file selected: Corbyn Conference Speeches 2015-2019.txt
2022-09-05 15:08:23 INFO Default image file selected: Cat_Silhouette_PNG_Transparent_Clip_Art_Image.png
2022-09-05 15:09:28 INFO Exiting program
2022-09-05 15:10:23 INFO Initialising WordCloud
2022-09-05 15:10:23 INFO Text file selected contains 28001 words
2022-09-05 15:10:23 INFO Default text file selected: Corbyn Conference Speeches 2015-2019.txt
2022-09-05 15:10:23 INFO Default image file selected: Cat_Silhouette_PNG_Transparent_Clip_Art_Image.png
2022-09-05 15:10:25 INFO Exiting program
2022-09-05 15:10:32 INFO Initialising WordCloud
2022-09-05 15:10:32 INFO Text file selected contains 28001 words
2022-09-05 15:10:32 INFO Default text file selected: Corbyn Conference Speeches 2015-2019.txt
2022-09-05 15:10:32 INFO Default image file selected: Cat_Silhouette_PNG_Transparent_Clip_Art_Image.png
2022-09-05 15:10:36 INFO Exiting program
2022-09-05 15:10:52 INFO Initialising WordCloud
2022-09-05 15:10:52 INFO Text file selected contains 28001 words
2022-09-05 15:10:53 INFO Default text file selected: Corbyn Conference Speeches 2015-2019.txt
2022-09-05 15:10:53 INFO Default image file selected: Cat_Silhouette_PNG_Transparent_Clip_Art_Image.png
2022-09-05 15:11:33 INFO #00ff00 has been selected as the WordCloud background colour
2022-09-05 15:11:34 INFO Reset all settings has been pressed
2022-09-05 15:11:34 INFO Text file selected contains 28001 words
2022-09-05 15:11:34 INFO All settings reset back to default values
2022-09-05 15:19:45 INFO Initialising WordCloud
2022-09-05 15:19:45 INFO Text file selected contains 28001 words
2022-09-05 15:19:45 INFO Default text file selected: Corbyn Conference Speeches 2015-2019.txt
2022-09-05 15:19:45 INFO Default image file selected: Cat_Silhouette_PNG_Transparent_Clip_Art_Image.png
2022-09-05 15:20:13 INFO Initialising WordCloud
2022-09-05 15:20:13 INFO Text file selected contains 28001 words
2022-09-05 15:20:13 INFO Default text file selected: Corbyn Conference Speeches 2015-2019.txt
2022-09-05 15:20:13 INFO Default image file selected: Cat_Silhouette_PNG_Transparent_Clip_Art_Image.png
2022-09-05 15:20:30 INFO Exiting program
2022-09-05 15:20:34 INFO Initialising WordCloud
2022-09-05 15:20:34 INFO Text file selected contains 28001 words
2022-09-05 15:20:34 INFO Default text file selected: Corbyn Conference Speeches 2015-2019.txt
2022-09-05 15:20:34 INFO Default image file selected: Cat_Silhouette_PNG_Transparent_Clip_Art_Image.png
2022-09-05 15:20:45 INFO Exiting program
2022-09-05 15:21:11 INFO Initialising WordCloud
2022-09-05 15:21:11 INFO Text file selected contains 28001 words
2022-09-05 15:21:11 INFO Default text file selected: Corbyn Conference Speeches 2015-2019.txt
2022-09-05 15:21:11 INFO Default image file selected: Cat_Silhouette_PNG_Transparent_Clip_Art_Image.png
2022-09-05 15:21:50 INFO Initialising WordCloud
2022-09-05 15:21:50 INFO Text file selected contains 28001 words
2022-09-05 15:21:50 INFO Default text file selected: Corbyn Conference Speeches 2015-2019.txt
2022-09-05 15:21:50 INFO Default image file selected: Cat_Silhouette_PNG_Transparent_Clip_Art_Image.png
2022-09-05 15:22:29 INFO Exiting program
2022-09-05 15:23:02 INFO Initialising WordCloud
2022-09-05 15:23:02 INFO Text file selected contains 28001 words
2022-09-05 15:23:03 INFO Default text file selected: Corbyn Conference Speeches 2015-2019.txt
2022-09-05 15:23:03 INFO Default image file selected: Cat_Silhouette_PNG_Transparent_Clip_Art_Image.png
2022-09-05 15:23:13 INFO Exiting program
2022-09-05 15:23:27 INFO Initialising WordCloud
2022-09-05 15:23:27 INFO Text file selected contains 28001 words
2022-09-05 15:23:27 INFO Default text file selected: Corbyn Conference Speeches 2015-2019.txt
2022-09-05 15:23:27 INFO Default image file selected: Cat_Silhouette_PNG_Transparent_Clip_Art_Image.png
2022-09-05 15:23:38 INFO Exiting program
2022-09-05 15:24:15 INFO Initialising WordCloud
2022-09-05 15:24:15 INFO Text file selected contains 28001 words
2022-09-05 15:24:15 INFO Default text file selected: Corbyn Conference Speeches 2015-2019.txt
2022-09-05 15:24:15 INFO Default image file selected: Cat_Silhouette_PNG_Transparent_Clip_Art_Image.png
2022-09-05 15:24:21 INFO Exiting program
2022-09-05 15:24:32 INFO Initialising WordCloud
2022-09-05 15:24:32 INFO Text file selected contains 28001 words
2022-09-05 15:24:32 INFO Default text file selected: Corbyn Conference Speeches 2015-2019.txt
2022-09-05 15:24:32 INFO Default image file selected: Cat_Silhouette_PNG_Transparent_Clip_Art_Image.png
2022-09-05 15:24:41 INFO Exiting program
2022-09-05 15:24:53 INFO Initialising WordCloud
2022-09-05 15:24:53 INFO Text file selected contains 28001 words
2022-09-05 15:24:53 INFO Default text file selected: Corbyn Conference Speeches 2015-2019.txt
2022-09-05 15:24:53 INFO Default image file selected: Cat_Silhouette_PNG_Transparent_Clip_Art_Image.png
2022-09-05 15:24:55 INFO Exiting program
2022-09-05 15:25:02 INFO Initialising WordCloud
2022-09-05 15:25:02 INFO Text file selected contains 28001 words
2022-09-05 15:25:03 INFO Default text file selected: Corbyn Conference Speeches 2015-2019.txt
2022-09-05 15:25:03 INFO Default image file selected: Cat_Silhouette_PNG_Transparent_Clip_Art_Image.png
2022-09-05 15:25:05 INFO Exiting program
2022-09-05 15:25:19 INFO Initialising WordCloud
2022-09-05 15:25:19 INFO Text file selected contains 28001 words
2022-09-05 15:25:19 INFO Default text file selected: Corbyn Conference Speeches 2015-2019.txt
2022-09-05 15:25:19 INFO Default image file selected: Cat_Silhouette_PNG_Transparent_Clip_Art_Image.png
2022-09-05 15:25:21 INFO Exiting program
2022-09-05 15:25:31 INFO Initialising WordCloud
2022-09-05 15:25:31 INFO Text file selected contains 28001 words
2022-09-05 15:25:31 INFO Default text file selected: Corbyn Conference Speeches 2015-2019.txt
2022-09-05 15:25:31 INFO Default image file selected: Cat_Silhouette_PNG_Transparent_Clip_Art_Image.png
2022-09-05 15:25:33 INFO Exiting program
2022-09-05 15:25:39 INFO Initialising WordCloud
2022-09-05 15:25:39 INFO Text file selected contains 28001 words
2022-09-05 15:25:39 INFO Default text file selected: Corbyn Conference Speeches 2015-2019.txt
2022-09-05 15:25:39 INFO Default image file selected: Cat_Silhouette_PNG_Transparent_Clip_Art_Image.png
2022-09-05 15:25:53 INFO Initialising WordCloud
2022-09-05 15:25:53 INFO Text file selected contains 28001 words
2022-09-05 15:25:53 INFO Default text file selected: Corbyn Conference Speeches 2015-2019.txt
2022-09-05 15:25:53 INFO Default image file selected: Cat_Silhouette_PNG_Transparent_Clip_Art_Image.png
2022-09-05 15:25:59 INFO Exiting program
2022-09-05 15:26:09 INFO Initialising WordCloud
2022-09-05 15:26:09 INFO Text file selected contains 28001 words
2022-09-05 15:26:09 INFO Default text file selected: Corbyn Conference Speeches 2015-2019.txt
2022-09-05 15:26:09 INFO Default image file selected: Cat_Silhouette_PNG_Transparent_Clip_Art_Image.png
2022-09-05 15:26:24 INFO Initialising WordCloud
2022-09-05 15:26:24 INFO Text file selected contains 28001 words
2022-09-05 15:26:24 INFO Default text file selected: Corbyn Conference Speeches 2015-2019.txt
2022-09-05 15:26:24 INFO Default image file selected: Cat_Silhouette_PNG_Transparent_Clip_Art_Image.png
2022-09-05 15:26:29 INFO Exiting program
2022-09-05 15:26:36 INFO Initialising WordCloud
2022-09-05 15:26:36 INFO Text file selected contains 28001 words
2022-09-05 15:26:37 INFO Default text file selected: Corbyn Conference Speeches 2015-2019.txt
2022-09-05 15:26:37 INFO Default image file selected: Cat_Silhouette_PNG_Transparent_Clip_Art_Image.png
2022-09-05 15:26:39 INFO Exiting program
2022-09-05 15:26:48 INFO Initialising WordCloud
2022-09-05 15:26:48 INFO Text file selected contains 28001 words
2022-09-05 15:26:48 INFO Default text file selected: Corbyn Conference Speeches 2015-2019.txt
2022-09-05 15:26:48 INFO Default image file selected: Cat_Silhouette_PNG_Transparent_Clip_Art_Image.png
2022-09-05 15:26:52 INFO Exiting program
2022-09-05 15:27:24 INFO Initialising WordCloud
2022-09-05 15:27:24 INFO Text file selected contains 28001 words
2022-09-05 15:27:24 INFO Default text file selected: Corbyn Conference Speeches 2015-2019.txt
2022-09-05 15:27:24 INFO Default image file selected: Cat_Silhouette_PNG_Transparent_Clip_Art_Image.png
2022-09-05 15:27:27 INFO Exiting program
2022-09-05 15:27:34 INFO Initialising WordCloud
2022-09-05 15:27:34 INFO Text file selected contains 28001 words
2022-09-05 15:27:34 INFO Default text file selected: Corbyn Conference Speeches 2015-2019.txt
2022-09-05 15:27:34 INFO Default image file selected: Cat_Silhouette_PNG_Transparent_Clip_Art_Image.png
2022-09-05 15:27:41 INFO Exiting program
2022-09-05 15:27:52 INFO Initialising WordCloud
2022-09-05 15:27:52 INFO Text file selected contains 28001 words
2022-09-05 15:27:52 INFO Default text file selected: Corbyn Conference Speeches 2015-2019.txt
2022-09-05 15:27:52 INFO Default image file selected: Cat_Silhouette_PNG_Transparent_Clip_Art_Image.png
2022-09-05 15:28:33 INFO Initialising WordCloud
2022-09-05 15:28:33 INFO Text file selected contains 28001 words
2022-09-05 15:28:34 INFO Default text file selected: Corbyn Conference Speeches 2015-2019.txt
2022-09-05 15:28:34 INFO Default image file selected: Cat_Silhouette_PNG_Transparent_Clip_Art_Image.png
2022-09-05 15:28:36 INFO Exiting program
2022-09-05 15:28:43 INFO Initialising WordCloud
2022-09-05 15:28:43 INFO Text file selected contains 28001 words
2022-09-05 15:28:43 INFO Default text file selected: Corbyn Conference Speeches 2015-2019.txt
2022-09-05 15:28:43 INFO Default image file selected: Cat_Silhouette_PNG_Transparent_Clip_Art_Image.png
2022-09-05 15:28:45 INFO Exiting program
2022-09-05 15:28:57 INFO Initialising WordCloud
2022-09-05 15:28:57 INFO Text file selected contains 28001 words
2022-09-05 15:28:57 INFO Default text file selected: Corbyn Conference Speeches 2015-2019.txt
2022-09-05 15:28:57 INFO Default image file selected: Cat_Silhouette_PNG_Transparent_Clip_Art_Image.png
2022-09-05 15:29:00 INFO Exiting program
2022-09-05 15:29:09 INFO Initialising WordCloud
2022-09-05 15:29:09 INFO Text file selected contains 28001 words
2022-09-05 15:29:09 INFO Default text file selected: Corbyn Conference Speeches 2015-2019.txt
2022-09-05 15:29:09 INFO Default image file selected: Cat_Silhouette_PNG_Transparent_Clip_Art_Image.png
2022-09-05 15:29:15 INFO Exiting program
2022-09-05 15:29:30 INFO Initialising WordCloud
2022-09-05 15:29:30 INFO Text file selected contains 28001 words
2022-09-05 15:29:30 INFO Default text file selected: Corbyn Conference Speeches 2015-2019.txt
2022-09-05 15:29:30 INFO Default image file selected: Cat_Silhouette_PNG_Transparent_Clip_Art_Image.png
2022-09-05 15:29:36 INFO Exiting program
2022-09-05 15:29:42 INFO Initialising WordCloud
2022-09-05 15:29:42 INFO Text file selected contains 28001 words
2022-09-05 15:29:42 INFO Default text file selected: Corbyn Conference Speeches 2015-2019.txt
2022-09-05 15:29:42 INFO Default image file selected: Cat_Silhouette_PNG_Transparent_Clip_Art_Image.png
2022-09-05 15:29:46 INFO Exiting program
2022-09-05 15:30:08 INFO Initialising WordCloud
2022-09-05 15:30:08 INFO Text file selected contains 28001 words
2022-09-05 15:30:08 INFO Default text file selected: Corbyn Conference Speeches 2015-2019.txt
2022-09-05 15:30:08 INFO Default image file selected: Cat_Silhouette_PNG_Transparent_Clip_Art_Image.png
2022-09-05 15:30:11 INFO Exiting program
2022-09-05 15:30:26 INFO Initialising WordCloud
2022-09-05 15:30:26 INFO Text file selected contains 28001 words
2022-09-05 15:30:27 INFO Default text file selected: Corbyn Conference Speeches 2015-2019.txt
2022-09-05 15:30:27 INFO Default image file selected: Cat_Silhouette_PNG_Transparent_Clip_Art_Image.png
2022-09-05 15:30:29 INFO Exiting program
2022-09-05 15:30:34 INFO Initialising WordCloud
2022-09-05 15:30:35 INFO Text file selected contains 28001 words
2022-09-05 15:30:35 INFO Default text file selected: Corbyn Conference Speeches 2015-2019.txt
2022-09-05 15:30:35 INFO Default image file selected: Cat_Silhouette_PNG_Transparent_Clip_Art_Image.png
2022-09-05 15:31:03 INFO Exiting program
2022-09-05 15:31:16 INFO Initialising WordCloud
2022-09-05 15:31:16 INFO Text file selected contains 28001 words
2022-09-05 15:31:16 INFO Default text file selected: Corbyn Conference Speeches 2015-2019.txt
2022-09-05 15:31:16 INFO Default image file selected: Cat_Silhouette_PNG_Transparent_Clip_Art_Image.png
2022-09-05 15:31:52 INFO Exiting program
2022-09-05 15:32:05 INFO Initialising WordCloud
2022-09-05 15:32:05 INFO Text file selected contains 28001 words
2022-09-05 15:32:05 INFO Default text file selected: Corbyn Conference Speeches 2015-2019.txt
2022-09-05 15:32:05 INFO Default image file selected: Cat_Silhouette_PNG_Transparent_Clip_Art_Image.png
2022-09-05 15:32:16 INFO Exiting program
2022-09-05 15:32:30 INFO Initialising WordCloud
2022-09-05 15:32:30 INFO Text file selected contains 28001 words
2022-09-05 15:32:30 INFO Default text file selected: Corbyn Conference Speeches 2015-2019.txt
2022-09-05 15:32:30 INFO Default image file selected: Cat_Silhouette_PNG_Transparent_Clip_Art_Image.png
2022-09-05 15:32:35 INFO Exiting program
2022-09-05 15:32:58 INFO Initialising WordCloud
2022-09-05 15:32:58 INFO Text file selected contains 28001 words
2022-09-05 15:32:58 INFO Default text file selected: Corbyn Conference Speeches 2015-2019.txt
2022-09-05 15:32:58 INFO Default image file selected: Cat_Silhouette_PNG_Transparent_Clip_Art_Image.png
2022-09-05 15:33:03 INFO Exiting program
2022-09-05 15:33:15 INFO Initialising WordCloud
2022-09-05 15:33:15 INFO Text file selected contains 28001 words
2022-09-05 15:33:16 INFO Default text file selected: Corbyn Conference Speeches 2015-2019.txt
2022-09-05 15:33:16 INFO Default image file selected: Cat_Silhouette_PNG_Transparent_Clip_Art_Image.png
2022-09-05 15:33:20 INFO Exiting program
2022-09-05 15:33:28 INFO Initialising WordCloud
2022-09-05 15:33:28 INFO Text file selected contains 28001 words
2022-09-05 15:33:28 INFO Default text file selected: Corbyn Conference Speeches 2015-2019.txt
2022-09-05 15:33:28 INFO Default image file selected: Cat_Silhouette_PNG_Transparent_Clip_Art_Image.png
2022-09-05 15:33:34 INFO Exiting program
2022-09-05 15:33:47 INFO Initialising WordCloud
2022-09-05 15:33:47 INFO Text file selected contains 28001 words
2022-09-05 15:33:47 INFO Default text file selected: Corbyn Conference Speeches 2015-2019.txt
2022-09-05 15:33:47 INFO Default image file selected: Cat_Silhouette_PNG_Transparent_Clip_Art_Image.png
2022-09-05 15:33:49 INFO Exiting program
2022-09-05 15:34:00 INFO Initialising WordCloud
2022-09-05 15:34:00 INFO Text file selected contains 28001 words
2022-09-05 15:34:00 INFO Default text file selected: Corbyn Conference Speeches 2015-2019.txt
2022-09-05 15:34:00 INFO Default image file selected: Cat_Silhouette_PNG_Transparent_Clip_Art_Image.png
2022-09-05 15:34:06 INFO Exiting program
2022-09-05 15:34:17 INFO Initialising WordCloud
2022-09-05 15:34:17 INFO Text file selected contains 28001 words
2022-09-05 15:34:17 INFO Default text file selected: Corbyn Conference Speeches 2015-2019.txt
2022-09-05 15:34:17 INFO Default image file selected: Cat_Silhouette_PNG_Transparent_Clip_Art_Image.png
2022-09-05 15:34:22 INFO Exiting program
2022-09-05 15:34:52 INFO Initialising WordCloud
2022-09-05 15:34:52 INFO Text file selected contains 28001 words
2022-09-05 15:34:52 INFO Default text file selected: Corbyn Conference Speeches 2015-2019.txt
2022-09-05 15:34:52 INFO Default image file selected: Cat_Silhouette_PNG_Transparent_Clip_Art_Image.png
2022-09-05 15:35:00 INFO Exiting program
2022-09-05 15:35:13 INFO Initialising WordCloud
2022-09-05 15:35:13 INFO Text file selected contains 28001 words
2022-09-05 15:35:14 INFO Default text file selected: Corbyn Conference Speeches 2015-2019.txt
2022-09-05 15:35:14 INFO Default image file selected: Cat_Silhouette_PNG_Transparent_Clip_Art_Image.png
2022-09-05 15:35:19 INFO Exiting program
2022-09-05 15:35:27 INFO Initialising WordCloud
2022-09-05 15:35:27 INFO Text file selected contains 28001 words
2022-09-05 15:35:28 INFO Default text file selected: Corbyn Conference Speeches 2015-2019.txt
2022-09-05 15:35:28 INFO Default image file selected: Cat_Silhouette_PNG_Transparent_Clip_Art_Image.png
2022-09-05 15:35:30 INFO Exiting program
2022-09-05 15:35:36 INFO Initialising WordCloud
2022-09-05 15:35:36 INFO Text file selected contains 28001 words
2022-09-05 15:35:36 INFO Default text file selected: Corbyn Conference Speeches 2015-2019.txt
2022-09-05 15:35:36 INFO Default image file selected: Cat_Silhouette_PNG_Transparent_Clip_Art_Image.png
2022-09-05 15:36:26 INFO Exiting program
2022-09-05 15:36:40 INFO Initialising WordCloud
2022-09-05 15:36:41 INFO Text file selected contains 28001 words
2022-09-05 15:36:41 INFO Default text file selected: Corbyn Conference Speeches 2015-2019.txt
2022-09-05 15:36:41 INFO Default image file selected: Cat_Silhouette_PNG_Transparent_Clip_Art_Image.png
2022-09-05 15:36:42 INFO Exiting program
2022-09-05 15:40:09 INFO Initialising WordCloud
2022-09-05 15:40:09 INFO Text file selected contains 28001 words
2022-09-05 15:40:09 INFO Default text file selected: Corbyn Conference Speeches 2015-2019.txt
2022-09-05 15:40:09 INFO Default image file selected: Cat_Silhouette_PNG_Transparent_Clip_Art_Image.png
2022-09-05 21:41:57 INFO Exiting program
2022-09-06 08:53:08 INFO Initialising WordCloud
2022-09-06 08:53:08 INFO Text file selected contains 28001 words
2022-09-06 08:53:09 INFO Default text file selected: Corbyn Conference Speeches 2015-2019.txt
2022-09-06 08:53:09 INFO Default image file selected: Cat_Silhouette_PNG_Transparent_Clip_Art_Image.png
2022-09-06 08:54:07 INFO Exiting program
2022-09-06 08:54:10 INFO Initialising WordCloud
2022-09-06 08:54:10 INFO Text file selected contains 28001 words
2022-09-06 08:54:10 INFO Default text file selected: Corbyn Conference Speeches 2015-2019.txt
2022-09-06 08:54:10 INFO Default image file selected: Cat_Silhouette_PNG_Transparent_Clip_Art_Image.png
2022-09-06 08:54:13 INFO Exiting program
2022-09-06 08:54:45 INFO Initialising WordCloud
2022-09-06 08:54:45 INFO Text file selected contains 28001 words
2022-09-06 08:54:45 INFO Default text file selected: Corbyn Conference Speeches 2015-2019.txt
2022-09-06 08:54:45 INFO Default image file selected: Cat_Silhouette_PNG_Transparent_Clip_Art_Image.png
2022-09-06 08:55:06 INFO Initialising WordCloud
2022-09-06 08:55:06 INFO Text file selected contains 28001 words
2022-09-06 08:55:06 INFO Default text file selected: Corbyn Conference Speeches 2015-2019.txt
2022-09-06 08:55:06 INFO Default image file selected: Cat_Silhouette_PNG_Transparent_Clip_Art_Image.png
2022-09-06 08:55:42 INFO Initialising WordCloud
2022-09-06 08:55:42 INFO Text file selected contains 28001 words
2022-09-06 08:55:42 INFO Default text file selected: Corbyn Conference Speeches 2015-2019.txt
2022-09-06 08:55:42 INFO Default image file selected: Cat_Silhouette_PNG_Transparent_Clip_Art_Image.png
2022-09-06 08:56:02 INFO Initialising WordCloud
2022-09-06 08:56:02 INFO Text file selected contains 28001 words
2022-09-06 08:56:03 INFO Default text file selected: Corbyn Conference Speeches 2015-2019.txt
2022-09-06 08:56:03 INFO Default image file selected: Cat_Silhouette_PNG_Transparent_Clip_Art_Image.png
2022-09-06 08:57:09 INFO Initialising WordCloud
2022-09-06 08:57:09 INFO Text file selected contains 28001 words
2022-09-06 08:57:09 INFO Default text file selected: Corbyn Conference Speeches 2015-2019.txt
2022-09-06 08:57:09 INFO Default image file selected: Cat_Silhouette_PNG_Transparent_Clip_Art_Image.png
2022-09-06 08:57:12 INFO Exiting program
2022-09-06 08:57:23 INFO Initialising WordCloud
2022-09-06 08:57:23 INFO Text file selected contains 28001 words
2022-09-06 08:57:23 INFO Default text file selected: Corbyn Conference Speeches 2015-2019.txt
2022-09-06 08:57:23 INFO Default image file selected: Cat_Silhouette_PNG_Transparent_Clip_Art_Image.png
2022-09-06 08:57:31 INFO Initialising WordCloud
2022-09-06 08:57:31 INFO Text file selected contains 28001 words
2022-09-06 08:57:31 INFO Default text file selected: Corbyn Conference Speeches 2015-2019.txt
2022-09-06 08:57:31 INFO Default image file selected: Cat_Silhouette_PNG_Transparent_Clip_Art_Image.png
2022-09-06 08:58:10 INFO Exiting program
2022-09-06 08:58:31 INFO Initialising WordCloud
2022-09-06 08:58:31 INFO Text file selected contains 28001 words
2022-09-06 08:58:31 INFO Default text file selected: Corbyn Conference Speeches 2015-2019.txt
2022-09-06 08:58:31 INFO Default image file selected: Cat_Silhouette_PNG_Transparent_Clip_Art_Image.png
2022-09-06 08:58:35 INFO Exiting program
2022-09-06 08:58:45 INFO Initialising WordCloud
2022-09-06 08:58:45 INFO Text file selected contains 28001 words
2022-09-06 08:58:45 INFO Default text file selected: Corbyn Conference Speeches 2015-2019.txt
2022-09-06 08:58:45 INFO Default image file selected: Cat_Silhouette_PNG_Transparent_Clip_Art_Image.png
2022-09-06 08:59:00 INFO Initialising WordCloud
2022-09-06 08:59:00 INFO Text file selected contains 28001 words
2022-09-06 08:59:00 INFO Default text file selected: Corbyn Conference Speeches 2015-2019.txt
2022-09-06 08:59:00 INFO Default image file selected: Cat_Silhouette_PNG_Transparent_Clip_Art_Image.png
2022-09-06 08:59:05 INFO Exiting program
2022-09-06 08:59:11 INFO Initialising WordCloud
2022-09-06 08:59:11 INFO Text file selected contains 28001 words
2022-09-06 08:59:12 INFO Default text file selected: Corbyn Conference Speeches 2015-2019.txt
2022-09-06 08:59:12 INFO Default image file selected: Cat_Silhouette_PNG_Transparent_Clip_Art_Image.png
2022-09-06 08:59:14 INFO Exiting program
2022-09-06 08:59:25 INFO Initialising WordCloud
2022-09-06 08:59:25 INFO Text file selected contains 28001 words
2022-09-06 08:59:25 INFO Default text file selected: Corbyn Conference Speeches 2015-2019.txt
2022-09-06 08:59:25 INFO Default image file selected: Cat_Silhouette_PNG_Transparent_Clip_Art_Image.png
2022-09-06 08:59:29 INFO Exiting program
2022-09-06 08:59:45 INFO Initialising WordCloud
2022-09-06 08:59:45 INFO Text file selected contains 28001 words
2022-09-06 08:59:45 INFO Default text file selected: Corbyn Conference Speeches 2015-2019.txt
2022-09-06 08:59:45 INFO Default image file selected: Cat_Silhouette_PNG_Transparent_Clip_Art_Image.png
2022-09-06 08:59:58 INFO Exiting program
2022-09-06 09:00:11 INFO Initialising WordCloud
2022-09-06 09:00:11 INFO Text file selected contains 28001 words
2022-09-06 09:00:11 INFO Default text file selected: Corbyn Conference Speeches 2015-2019.txt
2022-09-06 09:00:11 INFO Default image file selected: Cat_Silhouette_PNG_Transparent_Clip_Art_Image.png
2022-09-06 09:00:15 INFO Preview Cloud Selected
2022-09-06 09:00:15 INFO Cloud Generation checking the Text File Selected
2022-09-06 09:00:15 INFO Checking whether tick boxes are selected
2022-09-06 09:00:15 INFO Image settings are not ticked
2022-09-06 09:00:15 INFO Include Numbers is set to False
2022-09-06 09:00:15 INFO Include repeated words is set to False
2022-09-06 09:00:15 INFO Word Cloud colour selected - viridis
2022-09-06 09:00:15 INFO Text file found
2022-09-06 09:00:20 INFO Preview Cloud Selected
2022-09-06 09:00:20 INFO Cloud Generation checking the Text File Selected
2022-09-06 09:00:20 INFO Checking whether tick boxes are selected
2022-09-06 09:00:20 INFO Image settings are not ticked
2022-09-06 09:00:20 INFO Include Numbers is set to False
2022-09-06 09:00:20 INFO Include repeated words is set to False
2022-09-06 09:00:20 INFO Word Cloud colour selected - viridis
2022-09-06 09:00:20 INFO Text file found
2022-09-06 09:00:22 INFO Generated Word Cloud
2022-09-06 09:00:27 INFO Preview Cloud Selected
2022-09-06 09:00:27 INFO Cloud Generation checking the Text File Selected
2022-09-06 09:00:27 INFO Checking whether tick boxes are selected
2022-09-06 09:00:27 INFO Image settings are not ticked
2022-09-06 09:00:27 INFO Include Numbers is set to False
2022-09-06 09:00:27 INFO Include repeated words is set to False
2022-09-06 09:00:27 INFO Word Cloud colour selected - viridis
2022-09-06 09:00:27 INFO Text file found
2022-09-06 09:00:29 INFO Exiting program
2022-09-06 09:01:19 INFO Initialising WordCloud
2022-09-06 09:01:19 INFO Text file selected contains 28001 words
2022-09-06 09:01:19 INFO Default text file selected: Corbyn Conference Speeches 2015-2019.txt
2022-09-06 09:01:19 INFO Default image file selected: Cat_Silhouette_PNG_Transparent_Clip_Art_Image.png
2022-09-06 09:01:21 INFO Exiting program
2022-09-06 09:01:34 INFO Initialising WordCloud
2022-09-06 09:01:34 INFO Text file selected contains 28001 words
2022-09-06 09:01:34 INFO Default text file selected: Corbyn Conference Speeches 2015-2019.txt
2022-09-06 09:01:34 INFO Default image file selected: Cat_Silhouette_PNG_Transparent_Clip_Art_Image.png
2022-09-06 09:01:38 INFO Exiting program
2022-09-06 09:01:47 INFO Initialising WordCloud
2022-09-06 09:01:47 INFO Text file selected contains 28001 words
2022-09-06 09:01:47 INFO Default text file selected: Corbyn Conference Speeches 2015-2019.txt
2022-09-06 09:01:47 INFO Default image file selected: Cat_Silhouette_PNG_Transparent_Clip_Art_Image.png
2022-09-06 09:01:54 INFO Exiting program
2022-09-06 09:02:29 INFO Initialising WordCloud
2022-09-06 09:02:29 INFO Text file selected contains 28001 words
2022-09-06 09:02:29 INFO Default text file selected: Corbyn Conference Speeches 2015-2019.txt
2022-09-06 09:02:29 INFO Default image file selected: Cat_Silhouette_PNG_Transparent_Clip_Art_Image.png
2022-09-06 09:02:32 INFO Exiting program
2022-09-06 09:02:39 INFO Initialising WordCloud
2022-09-06 09:02:39 INFO Text file selected contains 28001 words
2022-09-06 09:02:39 INFO Default text file selected: Corbyn Conference Speeches 2015-2019.txt
2022-09-06 09:02:39 INFO Default image file selected: Cat_Silhouette_PNG_Transparent_Clip_Art_Image.png
2022-09-06 09:38:12 INFO Exiting program
2022-09-06 09:38:34 INFO Initialising WordCloud
2022-09-06 09:38:34 INFO Text file selected contains 28001 words
2022-09-06 09:38:34 INFO Default text file selected: Corbyn Conference Speeches 2015-2019.txt
2022-09-06 09:38:34 INFO Default image file selected: Cat_Silhouette_PNG_Transparent_Clip_Art_Image.png
2022-09-06 09:38:48 INFO Exiting program
2022-09-06 09:39:00 INFO Initialising WordCloud
2022-09-06 09:39:00 INFO Text file selected contains 28001 words
2022-09-06 09:39:00 INFO Default text file selected: Corbyn Conference Speeches 2015-2019.txt
2022-09-06 09:39:00 INFO Default image file selected: Cat_Silhouette_PNG_Transparent_Clip_Art_Image.png
2022-09-06 09:39:02 INFO Exiting program
2022-09-06 09:39:07 INFO Initialising WordCloud
2022-09-06 09:39:07 INFO Text file selected contains 28001 words
2022-09-06 09:39:07 INFO Default text file selected: Corbyn Conference Speeches 2015-2019.txt
2022-09-06 09:39:07 INFO Default image file selected: Cat_Silhouette_PNG_Transparent_Clip_Art_Image.png
2022-09-06 09:39:11 INFO Exiting program
2022-09-06 09:39:23 INFO Initialising WordCloud
2022-09-06 09:39:23 INFO Text file selected contains 28001 words
2022-09-06 09:39:23 INFO Default text file selected: Corbyn Conference Speeches 2015-2019.txt
2022-09-06 09:39:23 INFO Default image file selected: Cat_Silhouette_PNG_Transparent_Clip_Art_Image.png
2022-09-06 09:39:25 INFO Exiting program
2022-09-06 09:39:43 INFO Initialising WordCloud
2022-09-06 09:39:43 INFO Text file selected contains 28001 words
2022-09-06 09:39:43 INFO Default text file selected: Corbyn Conference Speeches 2015-2019.txt
2022-09-06 09:39:43 INFO Default image file selected: Cat_Silhouette_PNG_Transparent_Clip_Art_Image.png
2022-09-06 09:39:48 INFO Exiting program
2022-09-06 09:40:00 INFO Initialising WordCloud
2022-09-06 09:40:00 INFO Text file selected contains 28001 words
2022-09-06 09:40:00 INFO Default text file selected: Corbyn Conference Speeches 2015-2019.txt
2022-09-06 09:40:00 INFO Default image file selected: Cat_Silhouette_PNG_Transparent_Clip_Art_Image.png
2022-09-06 09:40:02 INFO Exiting program
2022-09-06 09:40:09 INFO Initialising WordCloud
2022-09-06 09:40:09 INFO Text file selected contains 28001 words
2022-09-06 09:40:10 INFO Default text file selected: Corbyn Conference Speeches 2015-2019.txt
2022-09-06 09:40:10 INFO Default image file selected: Cat_Silhouette_PNG_Transparent_Clip_Art_Image.png
2022-09-06 09:40:21 INFO Exiting program
2022-09-06 09:41:00 INFO Initialising WordCloud
2022-09-06 09:41:00 INFO Text file selected contains 28001 words
2022-09-06 09:41:00 INFO Default text file selected: Corbyn Conference Speeches 2015-2019.txt
2022-09-06 09:41:00 INFO Default image file selected: Cat_Silhouette_PNG_Transparent_Clip_Art_Image.png
2022-09-06 09:41:10 INFO Exiting program
2022-09-06 09:41:31 INFO Initialising WordCloud
2022-09-06 09:41:31 INFO Text file selected contains 28001 words
2022-09-06 09:41:31 INFO Default text file selected: Corbyn Conference Speeches 2015-2019.txt
2022-09-06 09:41:31 INFO Default image file selected: Cat_Silhouette_PNG_Transparent_Clip_Art_Image.png
2022-09-06 09:41:35 INFO Exiting program
2022-09-06 09:41:46 INFO Initialising WordCloud
2022-09-06 09:41:46 INFO Text file selected contains 28001 words
2022-09-06 09:41:46 INFO Default text file selected: Corbyn Conference Speeches 2015-2019.txt
2022-09-06 09:41:46 INFO Default image file selected: Cat_Silhouette_PNG_Transparent_Clip_Art_Image.png
2022-09-06 09:41:58 INFO Exiting program
2022-09-06 09:42:21 INFO Initialising WordCloud
2022-09-06 09:42:21 INFO Text file selected contains 28001 words
2022-09-06 09:42:21 INFO Default text file selected: Corbyn Conference Speeches 2015-2019.txt
2022-09-06 09:42:21 INFO Default image file selected: Cat_Silhouette_PNG_Transparent_Clip_Art_Image.png
2022-09-06 09:43:01 INFO Exiting program
2022-09-06 09:43:28 INFO Initialising WordCloud
2022-09-06 09:43:28 INFO Text file selected contains 28001 words
2022-09-06 09:43:28 INFO Default text file selected: Corbyn Conference Speeches 2015-2019.txt
2022-09-06 09:43:28 INFO Default image file selected: Cat_Silhouette_PNG_Transparent_Clip_Art_Image.png
2022-09-06 09:43:32 INFO Exiting program
2022-09-06 09:43:49 INFO Initialising WordCloud
2022-09-06 09:43:49 INFO Text file selected contains 28001 words
2022-09-06 09:43:49 INFO Default text file selected: Corbyn Conference Speeches 2015-2019.txt
2022-09-06 09:43:49 INFO Default image file selected: Cat_Silhouette_PNG_Transparent_Clip_Art_Image.png
2022-09-06 09:44:00 INFO Exiting program
2022-09-06 09:44:31 INFO Initialising WordCloud
2022-09-06 09:44:31 INFO Text file selected contains 28001 words
2022-09-06 09:44:31 INFO Default text file selected: Corbyn Conference Speeches 2015-2019.txt
2022-09-06 09:44:31 INFO Default image file selected: Cat_Silhouette_PNG_Transparent_Clip_Art_Image.png
2022-09-06 09:44:35 INFO Exiting program
2022-09-06 09:45:08 INFO Initialising WordCloud
2022-09-06 09:45:08 INFO Text file selected contains 28001 words
2022-09-06 09:45:08 INFO Default text file selected: Corbyn Conference Speeches 2015-2019.txt
2022-09-06 09:45:08 INFO Default image file selected: Cat_Silhouette_PNG_Transparent_Clip_Art_Image.png
2022-09-06 09:45:24 INFO Exiting program
2022-09-06 09:46:08 INFO Initialising WordCloud
2022-09-06 09:46:08 INFO Text file selected contains 28001 words
2022-09-06 09:46:09 INFO Default text file selected: Corbyn Conference Speeches 2015-2019.txt
2022-09-06 09:46:09 INFO Default image file selected: Cat_Silhouette_PNG_Transparent_Clip_Art_Image.png
2022-09-06 09:46:15 INFO Exiting program
2022-09-06 09:46:29 INFO Initialising WordCloud
2022-09-06 09:46:29 INFO Text file selected contains 28001 words
2022-09-06 09:46:29 INFO Default text file selected: Corbyn Conference Speeches 2015-2019.txt
2022-09-06 09:46:29 INFO Default image file selected: Cat_Silhouette_PNG_Transparent_Clip_Art_Image.png
2022-09-06 09:47:12 INFO Exiting program
2022-09-06 09:49:11 INFO Initialising WordCloud
2022-09-06 09:49:11 INFO Text file selected contains 28001 words
2022-09-06 09:49:11 INFO Default text file selected: Corbyn Conference Speeches 2015-2019.txt
2022-09-06 09:49:11 INFO Default image file selected: Cat_Silhouette_PNG_Transparent_Clip_Art_Image.png
2022-09-06 09:49:35 INFO Colour Type Diverging selected
2022-09-06 09:49:37 INFO Colour Type Sequential (2) selected
2022-09-06 09:49:39 INFO Colour Type Qualitative selected
2022-09-06 09:49:41 INFO Colour Type Miscellaneous selected
2022-09-06 09:49:44 INFO Colour Type Sequential selected
2022-09-06 09:49:49 INFO Colour Type Diverging selected
2022-09-06 09:49:51 INFO Colour Type Perceptually Uniform Sequential selected
2022-09-06 09:49:53 INFO Colour Type Perceptually Uniform Sequential selected
2022-09-06 09:49:55 INFO Colour Type Qualitative selected
2022-09-06 09:49:59 INFO Colour Type Miscellaneous selected
2022-09-06 09:50:02 INFO Colour Type Cyclic selected
2022-09-06 09:50:08 INFO Preview Cloud Selected
2022-09-06 09:50:08 INFO Cloud Generation checking the Text File Selected
2022-09-06 09:50:08 INFO Checking whether tick boxes are selected
2022-09-06 09:50:08 INFO Image settings are not ticked
2022-09-06 09:50:08 INFO Include Numbers is set to False
2022-09-06 09:50:08 INFO Include repeated words is set to False
2022-09-06 09:50:08 INFO Word Cloud colour selected - twilight_shifted
2022-09-06 09:50:08 INFO Text file found
2022-09-06 09:50:19 INFO Generated Word Cloud
2022-09-06 09:50:58 INFO Exiting program
2022-09-06 09:52:16 INFO Initialising WordCloud
2022-09-06 09:52:16 INFO Text file selected contains 28001 words
2022-09-06 09:52:16 INFO Default text file selected: Corbyn Conference Speeches 2015-2019.txt
2022-09-06 09:52:16 INFO Default image file selected: Cat_Silhouette_PNG_Transparent_Clip_Art_Image.png
2022-09-06 09:52:19 INFO Exiting program
2022-09-06 09:52:25 INFO Initialising WordCloud
2022-09-06 09:52:25 INFO Text file selected contains 28001 words
2022-09-06 09:52:25 INFO Default text file selected: Corbyn Conference Speeches 2015-2019.txt
2022-09-06 09:52:25 INFO Default image file selected: Cat_Silhouette_PNG_Transparent_Clip_Art_Image.png
2022-09-06 09:53:37 INFO Initialising WordCloud
2022-09-06 09:53:37 INFO Text file selected contains 28001 words
2022-09-06 09:53:37 INFO Default text file selected: Corbyn Conference Speeches 2015-2019.txt
2022-09-06 09:53:37 INFO Default image file selected: Cat_Silhouette_PNG_Transparent_Clip_Art_Image.png
2022-09-06 09:54:50 INFO Exiting program
2022-09-06 10:10:18 INFO Initialising WordCloud
2022-09-06 10:10:18 INFO Text file selected contains 28001 words
2022-09-06 10:10:18 INFO Default text file selected: Corbyn Conference Speeches 2015-2019.txt
2022-09-06 10:10:18 INFO Default image file selected: Cat_Silhouette_PNG_Transparent_Clip_Art_Image.png
2022-09-06 10:10:19 INFO Exit button clicked
2022-09-06 10:10:20 INFO Exiting program
2022-09-06 10:10:28 INFO Initialising WordCloud
2022-09-06 10:10:28 INFO Text file selected contains 28001 words
2022-09-06 10:10:28 INFO Default text file selected: Corbyn Conference Speeches 2015-2019.txt
2022-09-06 10:10:28 INFO Default image file selected: Cat_Silhouette_PNG_Transparent_Clip_Art_Image.png
2022-09-06 10:10:30 INFO Exit button clicked
2022-09-06 10:10:37 INFO Exit button clicked
2022-09-06 10:10:44 INFO Exit button clicked
2022-09-06 10:10:44 INFO Exiting program
2022-09-06 10:11:05 INFO Initialising WordCloud
2022-09-06 10:11:05 INFO Text file selected contains 28001 words
2022-09-06 10:11:05 INFO Default text file selected: Corbyn Conference Speeches 2015-2019.txt
2022-09-06 10:11:05 INFO Default image file selected: Cat_Silhouette_PNG_Transparent_Clip_Art_Image.png
2022-09-06 10:11:07 INFO Exit button clicked
2022-09-06 10:11:08 INFO Exit has been aborted
2022-09-06 10:11:09 INFO Exit button clicked
2022-09-06 10:11:10 INFO Exiting program
